Arguments: 
  C:\Program Files\nodejs\node.exe C:\Users\RzF\AppData\Roaming\npm\node_modules\yarn\bin\yarn.js add --dev --exact prettier

PATH: 
  C:\Users\RzF\AppData\Roaming\npm;C:\Program Files\nodejs\;C:\Python27\;C:\Python27\Scripts;C:\Program Files (x86)\Common Files\Oracle\Java\javapath;C:\Program Files\Broadcom\Broadcom 802.11\Driver;C:\Program Files (x86)\AMD APP\bin\x86_64;C:\Program Files (x86)\AMD APP\bin\x86;C:\Windows\system32;C:\Windows;C:\Windows\System32\Wbem;C:\Windows\System32\WindowsPowerShell\v1.0\;C:\Program Files (x86)\ATI Technologies\ATI.ACE\Core-Static;C:\Program Files\WIDCOMM\Bluetooth Software\;C:\Program Files\WIDCOMM\Bluetooth Software\syswow64;C:\Program Files\Broadcom\WHL\;C:\Program Files\Broadcom\WHL\syswow64;C:\Program Files\Broadcom\WHL\SysWow64\;C:\Program Files\Broadcom\WHL\SysWow64\syswow64;C:\Program Files\nodejs\;C:\Windows\System32\WindowsPowerShell\v1.0\;C:\ProgramData\chocolatey\bin;C:\Program Files\Java\jdk1.8.0_211\bin;C:\Program Files\Git\cmd;c:\Users\RzF\AppData\Local\Android\Sdk\platform-tools

Yarn version: 
  1.22.10

Node version: 
  12.22.1

Platform: 
  win32 x64

Trace: 
  SyntaxError: C:\Users\RzF\Documents\GitHub\marketplace-app\package.json: Unexpected string in JSON at position 218
      at JSON.parse (<anonymous>)
      at C:\Users\RzF\AppData\Roaming\npm\node_modules\yarn\lib\cli.js:1625:59
      at Generator.next (<anonymous>)
      at step (C:\Users\RzF\AppData\Roaming\npm\node_modules\yarn\lib\cli.js:310:30)
      at C:\Users\RzF\AppData\Roaming\npm\node_modules\yarn\lib\cli.js:321:13

npm manifest: 
  {
    "main": "node_modules/expo/AppEntry.js",
    "scripts": {
      "start": "expo start",
      "android": "expo start --android",
      "ios": "expo start --ios",
      "web": "expo start --web",
      "eject": "expo eject"
      "lint": "eslint *.js **/*.js"
    },
    "dependencies": {
      "@react-native-community/masked-view": "0.1.10",
      "@react-navigation/bottom-tabs": "^5.11.11",
      "@react-navigation/drawer": "^5.12.5",
      "@react-navigation/native": "^5.9.4",
      "@react-navigation/stack": "^5.14.5",
      "expo": "~41.0.1",
      "expo-app-loading": "^1.0.1",
      "expo-status-bar": "~1.0.4",
      "react": "16.13.1",
      "react-dom": "16.13.1",
      "react-native": "https://github.com/expo/react-native/archive/sdk-41.0.0.tar.gz",
      "react-native-gesture-handler": "~1.10.2",
      "react-native-paper": "^4.9.2",
      "react-native-reanimated": "~2.1.0",
      "react-native-safe-area-context": "3.2.0",
      "react-native-screens": "~3.0.0",
      "react-native-status-bar-height": "^2.6.0",
      "react-native-web": "~0.13.12"
    },
    "devDependencies": {
      "@babel/core": "~7.9.0",
      "babel-eslint": "^10.1.0",
      "eslint": "^7.29.0",
      "eslint-config-airbnb": "^18.2.1",
      "eslint-plugin-import": "^2.23.4",
      "eslint-plugin-jsx-a11y": "^6.4.1",
      "eslint-plugin-react": "^7.24.0",
      "eslint-plugin-react-hooks": "^4.2.0",
      "eslint-plugin-react-native": "^3.11.0"
    },
    "private": true
  }

yarn manifest: 
  No manifest

Lockfile: 
  No lockfile
